La génération a démarré 2014-11-20 11:10:01 PM.
     1>Projet "Z:\TP2_Log2810\TP2_Log2810\TP2_Log2810.vcxproj" sur le nœud 2 (Build cible(s)).
     1>ClCompile:
         C:\Program Files (x86)\Microsoft Visual Studio 12.0\VC\bin\CL.exe /c /ZI /nologo /W3 /WX- /sdl /Od /Oy- /D WIN32 /D _DEBUG /D _CONSOLE /D _LIB /D _UNICODE /D UNICODE /Gm /EHsc /RTC1 /MDd /GS /fp:precise /Zc:wchar_t /Zc:forScope /Fo"Debug\\" /Fd"Debug\vc120.pdb" /Gd /TP /analyze- /errorReport:prompt Etat.cpp Transition.cpp
         Transition.cpp
         Etat.cpp
     1>c:\program files (x86)\microsoft visual studio 12.0\vc\include\xstddef(193): error C2784: 'bool std::operator <(const std::_Tree<_Traits> &,const std::_Tree<_Traits> &)' : impossible de déduire l'argument modèle pour 'const std::_Tree<_Traits> &' à partir de 'const Transition'
                 c:\program files (x86)\microsoft visual studio 12.0\vc\include\xtree(2259) : voir la déclaration de 'std::operator <'
                 c:\program files (x86)\microsoft visual studio 12.0\vc\include\xstddef(192) : lors de la compilation de la fonction membre 'bool std::less<_Kty>::operator ()(const _Ty &,const _Ty &) const' de la classe modèle
                 with
                 [
                     _Kty=Transition
         ,            _Ty=Transition
                 ]
                 c:\program files (x86)\microsoft visual studio 12.0\vc\include\xutility(521) : voir la référence à l'instanciation de la fonction modèle 'bool std::less<_Kty>::operator ()(const _Ty &,const _Ty &) const' en cours de compilation
                 with
                 [
                     _Kty=Transition
         ,            _Ty=Transition
                 ]
                 c:\program files (x86)\microsoft visual studio 12.0\vc\include\type_traits(572) : voir la référence à l'instanciation de la classe modèle 'std::less<_Kty>' en cours de compilation
                 with
                 [
                     _Kty=Transition
                 ]
                 c:\program files (x86)\microsoft visual studio 12.0\vc\include\xtree(1023) : voir la référence à l'instanciation de la classe modèle 'std::is_empty<std::less<_Kty>>' en cours de compilation
                 with
                 [
                     _Kty=Transition
                 ]
                 c:\program files (x86)\microsoft visual studio 12.0\vc\include\set(44) : voir la référence à l'instanciation de la classe modèle 'std::_Tree<std::_Tset_traits<_Kty,_Pr,_Alloc,false>>' en cours de compilation
                 with
                 [
                     _Kty=Transition
         ,            _Pr=std::less<Transition>
         ,            _Alloc=std::allocator<Transition>
                 ]
                 z:\tp2_log2810\tp2_log2810\etat.h(24) : voir la référence à l'instanciation de la classe modèle 'std::set<Transition,std::less<_Kty>,std::allocator<_Kty>>' en cours de compilation
                 with
                 [
                     _Kty=Transition
                 ]
     1>c:\program files (x86)\microsoft visual studio 12.0\vc\include\xstddef(193): error C2784: 'bool std::operator <(const std::basic_string<_Elem,_Traits,_Alloc> &,const _Elem *)' : impossible de déduire l'argument modèle pour 'const std::basic_string<_Elem,_Traits,_Alloc> &' à partir de 'const Transition'
                 c:\program files (x86)\microsoft visual studio 12.0\vc\include\xstring(2545) : voir la déclaration de 'std::operator <'
     1>c:\program files (x86)\microsoft visual studio 12.0\vc\include\xstddef(193): error C2784: 'bool std::operator <(const _Elem *,const std::basic_string<_Elem,_Traits,_Alloc> &)' : impossible de déduire l'argument modèle pour 'const _Elem *' à partir de 'const Transition'
                 c:\program files (x86)\microsoft visual studio 12.0\vc\include\xstring(2535) : voir la déclaration de 'std::operator <'
     1>c:\program files (x86)\microsoft visual studio 12.0\vc\include\xstddef(193): error C2784: 'bool std::operator <(const std::basic_string<_Elem,_Traits,_Alloc> &,const std::basic_string<_Elem,_Traits,_Alloc> &)' : impossible de déduire l'argument modèle pour 'const std::basic_string<_Elem,_Traits,_Alloc> &' à partir de 'const Transition'
                 c:\program files (x86)\microsoft visual studio 12.0\vc\include\xstring(2525) : voir la déclaration de 'std::operator <'
     1>c:\program files (x86)\microsoft visual studio 12.0\vc\include\xstddef(193): error C2784: 'bool std::operator <(const std::move_iterator<_RanIt> &,const std::move_iterator<_RanIt2> &)' : impossible de déduire l'argument modèle pour 'const std::move_iterator<_RanIt> &' à partir de 'const Transition'
                 c:\program files (x86)\microsoft visual studio 12.0\vc\include\xutility(1997) : voir la déclaration de 'std::operator <'
     1>c:\program files (x86)\microsoft visual studio 12.0\vc\include\xstddef(193): error C2784: 'bool std::operator <(const std::reverse_iterator<_RanIt> &,const std::reverse_iterator<_RanIt2> &)' : impossible de déduire l'argument modèle pour 'const std::reverse_iterator<_RanIt> &' à partir de 'const Transition'
                 c:\program files (x86)\microsoft visual studio 12.0\vc\include\xutility(1155) : voir la déclaration de 'std::operator <'
     1>c:\program files (x86)\microsoft visual studio 12.0\vc\include\xstddef(193): error C2784: 'bool std::operator <(const std::_Revranit<_RanIt,_Base> &,const std::_Revranit<_RanIt2,_Base2> &)' : impossible de déduire l'argument modèle pour 'const std::_Revranit<_RanIt,_Base> &' à partir de 'const Transition'
                 c:\program files (x86)\microsoft visual studio 12.0\vc\include\xutility(971) : voir la déclaration de 'std::operator <'
     1>c:\program files (x86)\microsoft visual studio 12.0\vc\include\xstddef(193): error C2784: 'bool std::operator <(const std::pair<_Ty1,_Ty2> &,const std::pair<_Ty1,_Ty2> &)' : impossible de déduire l'argument modèle pour 'const std::pair<_Ty1,_Ty2> &' à partir de 'const Transition'
                 c:\program files (x86)\microsoft visual studio 12.0\vc\include\utility(230) : voir la déclaration de 'std::operator <'
     1>c:\program files (x86)\microsoft visual studio 12.0\vc\include\xstddef(193): error C2676: '<' binaire : 'const Transition' ne définit pas cet opérateur ou une conversion vers un type acceptable pour l'opérateur prédéfini
         Génération de code en cours...
     1>Génération du projet "Z:\TP2_Log2810\TP2_Log2810\TP2_Log2810.vcxproj" terminée (Build cible(s)) -- ÉCHEC.

ÉCHEC de la build.

Temps écoulé 00:00:00.77
